1634030199424	geckodriver	INFO	Listening on 127.0.0.1:62921
1634030202450	mozrunner::runner	INFO	Running command: "C:\\Program Files\\Mozilla Firefox\\firefox.exe" "--marionette" "-no-remote" "-profile" "C:\\Users\\XUEYON~1\\AppData\\Local\\Temp\\rust_mozprofilepEpxnr"
1634030203605	Marionette	INFO	Marionette enabled
console.warn: SearchSettings: "get: No settings file exists, new profile?" (new NotFoundError("Could not open the file at C:\\Users\\xueyonglong\\AppData\\Local\\Temp\\rust_mozprofilepEpxnr\\search.json.mozlz4", (void 0)))
1634030205395	Marionette	INFO	Listening on port 61363
1634030205643	RemoteAgent	WARN	TLS certificate errors will be ignored for this session
JavaScript warning: https://sf1-ttcdn-tos.pstatp.com/obj/rc-web-sdk/acrawler.js, line 1: WEBGL_debug_renderer_info is deprecated in Firefox and will be removed. Please use RENDERER.
JavaScript warning: https://sf1-ttcdn-tos.pstatp.com/obj/rc-web-sdk/acrawler.js, line 1: WEBGL_debug_renderer_info is deprecated in Firefox and will be removed. Please use RENDERER.
JavaScript warning: https://sf1-scmcdn-tos.pstatp.com/goofy/sec_sdk_build/3.1.0/captcha/index.js line 23 > Function, line 3: WEBGL_debug_renderer_info is deprecated in Firefox and will be removed. Please use RENDERER.
JavaScript warning: https://sf1-ttcdn-tos.pstatp.com/obj/rc-web-sdk/acrawler.js, line 1: WEBGL_debug_renderer_info is deprecated in Firefox and will be removed. Please use RENDERER.
JavaScript warning: https://sf1-ttcdn-tos.pstatp.com/obj/rc-web-sdk/acrawler.js, line 1: WEBGL_debug_renderer_info is deprecated in Firefox and will be removed. Please use RENDERER.
1634030273763	geckodriver	INFO	Listening on 127.0.0.1:50081
1634030276788	mozrunner::runner	INFO	Running command: "C:\\Program Files\\Mozilla Firefox\\firefox.exe" "--marionette" "-no-remote" "-profile" "C:\\Users\\XUEYON~1\\AppData\\Local\\Temp\\rust_mozprofileAsmdLi"
1634030277340	Marionette	INFO	Marionette enabled
console.warn: SearchSettings: "get: No settings file exists, new profile?" (new NotFoundError("Could not open the file at C:\\Users\\xueyonglong\\AppData\\Local\\Temp\\rust_mozprofileAsmdLi\\search.json.mozlz4", (void 0)))
1634030279222	Marionette	INFO	Listening on port 57322
1634030279617	RemoteAgent	WARN	TLS certificate errors will be ignored for this session
JavaScript warning: https://sf1-ttcdn-tos.pstatp.com/obj/rc-web-sdk/acrawler.js, line 1: WEBGL_debug_renderer_info is deprecated in Firefox and will be removed. Please use RENDERER.
JavaScript warning: https://sf1-ttcdn-tos.pstatp.com/obj/rc-web-sdk/acrawler.js, line 1: WEBGL_debug_renderer_info is deprecated in Firefox and will be removed. Please use RENDERER.
JavaScript warning: https://sf1-scmcdn-tos.pstatp.com/goofy/sec_sdk_build/3.1.0/captcha/index.js line 23 > Function, line 3: WEBGL_debug_renderer_info is deprecated in Firefox and will be removed. Please use RENDERER.
JavaScript warning: https://sf1-ttcdn-tos.pstatp.com/obj/rc-web-sdk/acrawler.js, line 1: WEBGL_debug_renderer_info is deprecated in Firefox and will be removed. Please use RENDERER.
1634030344833	geckodriver	INFO	Listening on 127.0.0.1:63547
1634030347858	mozrunner::runner	INFO	Running command: "C:\\Program Files\\Mozilla Firefox\\firefox.exe" "--marionette" "-no-remote" "-profile" "C:\\Users\\XUEYON~1\\AppData\\Local\\Temp\\rust_mozprofileeweXrw"
1634030348549	Marionette	INFO	Marionette enabled
console.warn: SearchSettings: "get: No settings file exists, new profile?" (new NotFoundError("Could not open the file at C:\\Users\\xueyonglong\\AppData\\Local\\Temp\\rust_mozprofileeweXrw\\search.json.mozlz4", (void 0)))
1634030350690	Marionette	INFO	Listening on port 64570
1634030350858	RemoteAgent	WARN	TLS certificate errors will be ignored for this session
JavaScript warning: https://sf1-ttcdn-tos.pstatp.com/obj/rc-web-sdk/acrawler.js, line 1: WEBGL_debug_renderer_info is deprecated in Firefox and will be removed. Please use RENDERER.
JavaScript warning: https://sf1-ttcdn-tos.pstatp.com/obj/rc-web-sdk/acrawler.js, line 1: WEBGL_debug_renderer_info is deprecated in Firefox and will be removed. Please use RENDERER.
JavaScript warning: https://sf1-scmcdn-tos.pstatp.com/goofy/sec_sdk_build/3.1.0/captcha/index.js line 23 > Function, line 3: WEBGL_debug_renderer_info is deprecated in Firefox and will be removed. Please use RENDERER.
JavaScript warning: https://sf1-ttcdn-tos.pstatp.com/obj/rc-web-sdk/acrawler.js, line 1: WEBGL_debug_renderer_info is deprecated in Firefox and will be removed. Please use RENDERER.
JavaScript warning: https://sf1-ttcdn-tos.pstatp.com/obj/rc-web-sdk/acrawler.js, line 1: WEBGL_debug_renderer_info is deprecated in Firefox and will be removed. Please use RENDERER.
1634030432853	geckodriver	INFO	Listening on 127.0.0.1:55937
1634030435880	mozrunner::runner	INFO	Running command: "C:\\Program Files\\Mozilla Firefox\\firefox.exe" "--marionette" "-no-remote" "-profile" "C:\\Users\\XUEYON~1\\AppData\\Local\\Temp\\rust_mozprofileynb2Uw"
1634030436409	Marionette	INFO	Marionette enabled
console.warn: SearchSettings: "get: No settings file exists, new profile?" (new NotFoundError("Could not open the file at C:\\Users\\xueyonglong\\AppData\\Local\\Temp\\rust_mozprofileynb2Uw\\search.json.mozlz4", (void 0)))
1634030438455	Marionette	INFO	Listening on port 57316
1634030438686	RemoteAgent	WARN	TLS certificate errors will be ignored for this session
JavaScript warning: https://sf1-ttcdn-tos.pstatp.com/obj/rc-web-sdk/acrawler.js, line 1: WEBGL_debug_renderer_info is deprecated in Firefox and will be removed. Please use RENDERER.
JavaScript warning: https://sf1-ttcdn-tos.pstatp.com/obj/rc-web-sdk/acrawler.js, line 1: WEBGL_debug_renderer_info is deprecated in Firefox and will be removed. Please use RENDERER.
JavaScript warning: https://sf1-scmcdn-tos.pstatp.com/goofy/sec_sdk_build/3.1.0/captcha/index.js line 23 > Function, line 3: WEBGL_debug_renderer_info is deprecated in Firefox and will be removed. Please use RENDERER.
JavaScript warning: https://sf1-ttcdn-tos.pstatp.com/obj/rc-web-sdk/acrawler.js, line 1: WEBGL_debug_renderer_info is deprecated in Firefox and will be removed. Please use RENDERER.
1634030515255	geckodriver	INFO	Listening on 127.0.0.1:50357
1634030518281	mozrunner::runner	INFO	Running command: "C:\\Program Files\\Mozilla Firefox\\firefox.exe" "--marionette" "-no-remote" "-profile" "C:\\Users\\XUEYON~1\\AppData\\Local\\Temp\\rust_mozprofilepeqXTU"
1634030518781	Marionette	INFO	Marionette enabled
console.warn: SearchSettings: "get: No settings file exists, new profile?" (new NotFoundError("Could not open the file at C:\\Users\\xueyonglong\\AppData\\Local\\Temp\\rust_mozprofilepeqXTU\\search.json.mozlz4", (void 0)))
1634030520707	Marionette	INFO	Listening on port 50433
1634030521091	RemoteAgent	WARN	TLS certificate errors will be ignored for this session
JavaScript warning: https://sf1-ttcdn-tos.pstatp.com/obj/rc-web-sdk/acrawler.js, line 1: WEBGL_debug_renderer_info is deprecated in Firefox and will be removed. Please use RENDERER.
JavaScript warning: https://sf1-ttcdn-tos.pstatp.com/obj/rc-web-sdk/acrawler.js, line 1: WEBGL_debug_renderer_info is deprecated in Firefox and will be removed. Please use RENDERER.
JavaScript warning: https://sf1-scmcdn-tos.pstatp.com/goofy/sec_sdk_build/3.1.0/captcha/index.js line 23 > Function, line 3: WEBGL_debug_renderer_info is deprecated in Firefox and will be removed. Please use RENDERER.
JavaScript warning: https://sf1-ttcdn-tos.pstatp.com/obj/rc-web-sdk/acrawler.js, line 1: WEBGL_debug_renderer_info is deprecated in Firefox and will be removed. Please use RENDERER.
1634030725106	geckodriver	INFO	Listening on 127.0.0.1:49480
1634030728137	mozrunner::runner	INFO	Running command: "C:\\Program Files\\Mozilla Firefox\\firefox.exe" "--marionette" "-no-remote" "-profile" "C:\\Users\\XUEYON~1\\AppData\\Local\\Temp\\rust_mozprofilea9GMo9"
1634030728635	Marionette	INFO	Marionette enabled
console.warn: SearchSettings: "get: No settings file exists, new profile?" (new NotFoundError("Could not open the file at C:\\Users\\xueyonglong\\AppData\\Local\\Temp\\rust_mozprofilea9GMo9\\search.json.mozlz4", (void 0)))
1634030730518	Marionette	INFO	Listening on port 54070
1634030730951	RemoteAgent	WARN	TLS certificate errors will be ignored for this session
JavaScript warning: https://sf1-ttcdn-tos.pstatp.com/obj/rc-web-sdk/acrawler.js, line 1: WEBGL_debug_renderer_info is deprecated in Firefox and will be removed. Please use RENDERER.
JavaScript warning: https://sf1-ttcdn-tos.pstatp.com/obj/rc-web-sdk/acrawler.js, line 1: WEBGL_debug_renderer_info is deprecated in Firefox and will be removed. Please use RENDERER.
JavaScript warning: https://sf1-scmcdn-tos.pstatp.com/goofy/sec_sdk_build/3.1.0/captcha/index.js line 23 > Function, line 3: WEBGL_debug_renderer_info is deprecated in Firefox and will be removed. Please use RENDERER.
JavaScript warning: https://sf1-ttcdn-tos.pstatp.com/obj/rc-web-sdk/acrawler.js, line 1: WEBGL_debug_renderer_info is deprecated in Firefox and will be removed. Please use RENDERER.
1634030799459	geckodriver	INFO	Listening on 127.0.0.1:49514
1634030802474	mozrunner::runner	INFO	Running command: "C:\\Program Files\\Mozilla Firefox\\firefox.exe" "--marionette" "-no-remote" "-profile" "C:\\Users\\XUEYON~1\\AppData\\Local\\Temp\\rust_mozprofileZCfGT6"
1634030803023	Marionette	INFO	Marionette enabled
console.warn: SearchSettings: "get: No settings file exists, new profile?" (new NotFoundError("Could not open the file at C:\\Users\\xueyonglong\\AppData\\Local\\Temp\\rust_mozprofileZCfGT6\\search.json.mozlz4", (void 0)))
1634030805185	Marionette	INFO	Listening on port 58946
1634030805289	RemoteAgent	WARN	TLS certificate errors will be ignored for this session
JavaScript warning: https://sf1-ttcdn-tos.pstatp.com/obj/rc-web-sdk/acrawler.js, line 1: WEBGL_debug_renderer_info is deprecated in Firefox and will be removed. Please use RENDERER.
JavaScript warning: https://sf1-ttcdn-tos.pstatp.com/obj/rc-web-sdk/acrawler.js, line 1: WEBGL_debug_renderer_info is deprecated in Firefox and will be removed. Please use RENDERER.
JavaScript warning: https://sf1-scmcdn-tos.pstatp.com/goofy/sec_sdk_build/3.1.0/captcha/index.js line 23 > Function, line 3: WEBGL_debug_renderer_info is deprecated in Firefox and will be removed. Please use RENDERER.
JavaScript warning: https://sf1-ttcdn-tos.pstatp.com/obj/rc-web-sdk/acrawler.js, line 1: WEBGL_debug_renderer_info is deprecated in Firefox and will be removed. Please use RENDERER.
1634030964129	geckodriver	INFO	Listening on 127.0.0.1:53384
1634030967131	mozrunner::runner	INFO	Running command: "C:\\Program Files\\Mozilla Firefox\\firefox.exe" "--marionette" "-no-remote" "-profile" "C:\\Users\\XUEYON~1\\AppData\\Local\\Temp\\rust_mozprofilewIW4UA"
1634030967497	Marionette	INFO	Marionette enabled
console.warn: SearchSettings: "get: No settings file exists, new profile?" (new NotFoundError("Could not open the file at C:\\Users\\xueyonglong\\AppData\\Local\\Temp\\rust_mozprofilewIW4UA\\search.json.mozlz4", (void 0)))
1634030969549	Marionette	INFO	Listening on port 49627
1634030969858	RemoteAgent	WARN	TLS certificate errors will be ignored for this session
JavaScript warning: https://sf1-ttcdn-tos.pstatp.com/obj/rc-web-sdk/acrawler.js, line 1: WEBGL_debug_renderer_info is deprecated in Firefox and will be removed. Please use RENDERER.
JavaScript warning: https://sf1-ttcdn-tos.pstatp.com/obj/rc-web-sdk/acrawler.js, line 1: WEBGL_debug_renderer_info is deprecated in Firefox and will be removed. Please use RENDERER.
JavaScript warning: https://sf1-scmcdn-tos.pstatp.com/goofy/sec_sdk_build/3.1.0/captcha/index.js line 23 > Function, line 3: WEBGL_debug_renderer_info is deprecated in Firefox and will be removed. Please use RENDERER.
JavaScript warning: https://sf1-ttcdn-tos.pstatp.com/obj/rc-web-sdk/acrawler.js, line 1: WEBGL_debug_renderer_info is deprecated in Firefox and will be removed. Please use RENDERER.
JavaScript warning: https://sf1-ttcdn-tos.pstatp.com/obj/rc-web-sdk/acrawler.js, line 1: WEBGL_debug_renderer_info is deprecated in Firefox and will be removed. Please use RENDERER.
1634031488023	geckodriver	INFO	Listening on 127.0.0.1:51635
1634031491045	mozrunner::runner	INFO	Running command: "C:\\Program Files\\Mozilla Firefox\\firefox.exe" "--marionette" "-no-remote" "-profile" "C:\\Users\\XUEYON~1\\AppData\\Local\\Temp\\rust_mozprofileiXM1BS"
1634031491574	Marionette	INFO	Marionette enabled
console.warn: SearchSettings: "get: No settings file exists, new profile?" (new NotFoundError("Could not open the file at C:\\Users\\xueyonglong\\AppData\\Local\\Temp\\rust_mozprofileiXM1BS\\search.json.mozlz4", (void 0)))
1634031493620	Marionette	INFO	Listening on port 64884
1634031493885	RemoteAgent	WARN	TLS certificate errors will be ignored for this session
JavaScript warning: https://sf1-ttcdn-tos.pstatp.com/obj/rc-web-sdk/acrawler.js, line 1: WEBGL_debug_renderer_info is deprecated in Firefox and will be removed. Please use RENDERER.
JavaScript warning: https://sf1-ttcdn-tos.pstatp.com/obj/rc-web-sdk/acrawler.js, line 1: WEBGL_debug_renderer_info is deprecated in Firefox and will be removed. Please use RENDERER.
JavaScript warning: https://sf1-scmcdn-tos.pstatp.com/goofy/sec_sdk_build/3.1.0/captcha/index.js line 23 > Function, line 3: WEBGL_debug_renderer_info is deprecated in Firefox and will be removed. Please use RENDERER.
JavaScript warning: https://sf1-ttcdn-tos.pstatp.com/obj/rc-web-sdk/acrawler.js, line 1: WEBGL_debug_renderer_info is deprecated in Firefox and will be removed. Please use RENDERER.
1634031676786	geckodriver	INFO	Listening on 127.0.0.1:63586
1634031679819	mozrunner::runner	INFO	Running command: "C:\\Program Files\\Mozilla Firefox\\firefox.exe" "--marionette" "-no-remote" "-profile" "C:\\Users\\XUEYON~1\\AppData\\Local\\Temp\\rust_mozprofileUhe3Bf"
1634031680350	Marionette	INFO	Marionette enabled
console.warn: SearchSettings: "get: No settings file exists, new profile?" (new NotFoundError("Could not open the file at C:\\Users\\xueyonglong\\AppData\\Local\\Temp\\rust_mozprofileUhe3Bf\\search.json.mozlz4", (void 0)))
1634031682173	Marionette	INFO	Listening on port 52518
1634031682633	RemoteAgent	WARN	TLS certificate errors will be ignored for this session
JavaScript warning: https://sf1-ttcdn-tos.pstatp.com/obj/rc-web-sdk/acrawler.js, line 1: WEBGL_debug_renderer_info is deprecated in Firefox and will be removed. Please use RENDERER.
JavaScript warning: https://sf1-ttcdn-tos.pstatp.com/obj/rc-web-sdk/acrawler.js, line 1: WEBGL_debug_renderer_info is deprecated in Firefox and will be removed. Please use RENDERER.
JavaScript warning: https://sf1-scmcdn-tos.pstatp.com/goofy/sec_sdk_build/3.1.0/captcha/index.js line 23 > Function, line 3: WEBGL_debug_renderer_info is deprecated in Firefox and will be removed. Please use RENDERER.
JavaScript warning: https://sf1-ttcdn-tos.pstatp.com/obj/rc-web-sdk/acrawler.js, line 1: WEBGL_debug_renderer_info is deprecated in Firefox and will be removed. Please use RENDERER.
1634031738820	geckodriver	INFO	Listening on 127.0.0.1:60340
1634031741837	mozrunner::runner	INFO	Running command: "C:\\Program Files\\Mozilla Firefox\\firefox.exe" "--marionette" "-no-remote" "-profile" "C:\\Users\\XUEYON~1\\AppData\\Local\\Temp\\rust_mozprofilev9EfF0"
1634031742384	Marionette	INFO	Marionette enabled
console.warn: SearchSettings: "get: No settings file exists, new profile?" (new NotFoundError("Could not open the file at C:\\Users\\xueyonglong\\AppData\\Local\\Temp\\rust_mozprofilev9EfF0\\search.json.mozlz4", (void 0)))
1634031744217	Marionette	INFO	Listening on port 57171
1634031744692	RemoteAgent	WARN	TLS certificate errors will be ignored for this session
JavaScript warning: https://sf1-ttcdn-tos.pstatp.com/obj/rc-web-sdk/acrawler.js, line 1: WEBGL_debug_renderer_info is deprecated in Firefox and will be removed. Please use RENDERER.
JavaScript warning: https://sf1-ttcdn-tos.pstatp.com/obj/rc-web-sdk/acrawler.js, line 1: WEBGL_debug_renderer_info is deprecated in Firefox and will be removed. Please use RENDERER.
JavaScript warning: https://sf1-scmcdn-tos.pstatp.com/goofy/sec_sdk_build/3.1.0/captcha/index.js line 23 > Function, line 3: WEBGL_debug_renderer_info is deprecated in Firefox and will be removed. Please use RENDERER.
JavaScript warning: https://sf1-ttcdn-tos.pstatp.com/obj/rc-web-sdk/acrawler.js, line 1: WEBGL_debug_renderer_info is deprecated in Firefox and will be removed. Please use RENDERER.
1634032498111	geckodriver	INFO	Listening on 127.0.0.1:50806
1634032501132	mozrunner::runner	INFO	Running command: "C:\\Program Files\\Mozilla Firefox\\firefox.exe" "--marionette" "-no-remote" "-profile" "C:\\Users\\XUEYON~1\\AppData\\Local\\Temp\\rust_mozprofilekqlXiG"
1634032501660	Marionette	INFO	Marionette enabled
console.warn: SearchSettings: "get: No settings file exists, new profile?" (new NotFoundError("Could not open the file at C:\\Users\\xueyonglong\\AppData\\Local\\Temp\\rust_mozprofilekqlXiG\\search.json.mozlz4", (void 0)))
1634032503958	Marionette	INFO	Listening on port 58691
1634032504446	RemoteAgent	WARN	TLS certificate errors will be ignored for this session
JavaScript warning: https://sf1-ttcdn-tos.pstatp.com/obj/rc-web-sdk/acrawler.js, line 1: WEBGL_debug_renderer_info is deprecated in Firefox and will be removed. Please use RENDERER.
JavaScript warning: https://sf1-ttcdn-tos.pstatp.com/obj/rc-web-sdk/acrawler.js, line 1: WEBGL_debug_renderer_info is deprecated in Firefox and will be removed. Please use RENDERER.
JavaScript warning: https://sf1-scmcdn-tos.pstatp.com/goofy/sec_sdk_build/3.1.0/captcha/index.js line 23 > Function, line 3: WEBGL_debug_renderer_info is deprecated in Firefox and will be removed. Please use RENDERER.
JavaScript warning: https://sf1-ttcdn-tos.pstatp.com/obj/rc-web-sdk/acrawler.js, line 1: WEBGL_debug_renderer_info is deprecated in Firefox and will be removed. Please use RENDERER.
1634032689942	geckodriver	INFO	Listening on 127.0.0.1:55862
1634032692971	mozrunner::runner	INFO	Running command: "C:\\Program Files\\Mozilla Firefox\\firefox.exe" "--marionette" "-no-remote" "-profile" "C:\\Users\\XUEYON~1\\AppData\\Local\\Temp\\rust_mozprofiled71hQn"
1634032693506	Marionette	INFO	Marionette enabled
console.warn: SearchSettings: "get: No settings file exists, new profile?" (new NotFoundError("Could not open the file at C:\\Users\\xueyonglong\\AppData\\Local\\Temp\\rust_mozprofiled71hQn\\search.json.mozlz4", (void 0)))
1634032695563	Marionette	INFO	Listening on port 49675
1634032695783	RemoteAgent	WARN	TLS certificate errors will be ignored for this session
JavaScript warning: https://sf1-ttcdn-tos.pstatp.com/obj/rc-web-sdk/acrawler.js, line 1: WEBGL_debug_renderer_info is deprecated in Firefox and will be removed. Please use RENDERER.
JavaScript warning: https://sf1-ttcdn-tos.pstatp.com/obj/rc-web-sdk/acrawler.js, line 1: WEBGL_debug_renderer_info is deprecated in Firefox and will be removed. Please use RENDERER.
JavaScript warning: https://sf1-scmcdn-tos.pstatp.com/goofy/sec_sdk_build/3.1.0/captcha/index.js line 23 > Function, line 3: WEBGL_debug_renderer_info is deprecated in Firefox and will be removed. Please use RENDERER.
JavaScript warning: https://sf1-ttcdn-tos.pstatp.com/obj/rc-web-sdk/acrawler.js, line 1: WEBGL_debug_renderer_info is deprecated in Firefox and will be removed. Please use RENDERER.
1634032822537	geckodriver	INFO	Listening on 127.0.0.1:58533
1634032825571	mozrunner::runner	INFO	Running command: "C:\\Program Files\\Mozilla Firefox\\firefox.exe" "--marionette" "-no-remote" "-profile" "C:\\Users\\XUEYON~1\\AppData\\Local\\Temp\\rust_mozprofileZmGWVD"
1634032826112	Marionette	INFO	Marionette enabled
console.warn: SearchSettings: "get: No settings file exists, new profile?" (new NotFoundError("Could not open the file at C:\\Users\\xueyonglong\\AppData\\Local\\Temp\\rust_mozprofileZmGWVD\\search.json.mozlz4", (void 0)))
1634032828058	Marionette	INFO	Listening on port 56748
1634032828388	RemoteAgent	WARN	TLS certificate errors will be ignored for this session
JavaScript warning: https://sf1-ttcdn-tos.pstatp.com/obj/rc-web-sdk/acrawler.js, line 1: WEBGL_debug_renderer_info is deprecated in Firefox and will be removed. Please use RENDERER.
JavaScript warning: https://sf1-ttcdn-tos.pstatp.com/obj/rc-web-sdk/acrawler.js, line 1: WEBGL_debug_renderer_info is deprecated in Firefox and will be removed. Please use RENDERER.
JavaScript warning: https://sf1-scmcdn-tos.pstatp.com/goofy/sec_sdk_build/3.1.0/captcha/index.js line 23 > Function, line 3: WEBGL_debug_renderer_info is deprecated in Firefox and will be removed. Please use RENDERER.
JavaScript warning: https://sf1-ttcdn-tos.pstatp.com/obj/rc-web-sdk/acrawler.js, line 1: WEBGL_debug_renderer_info is deprecated in Firefox and will be removed. Please use RENDERER.
IPDL protocol error: Handler returned error code!

###!!! [Parent][DispatchAsyncMessage] Error: PClientManager::Msg_ExpectFutureClientSource Processing error: message was deserialized, but the handler returned false (indicating failure)

IPDL protocol error: Handler returned error code!

###!!! [Parent][DispatchAsyncMessage] Error: PClientManager::Msg_ForgetFutureClientSource Processing error: message was deserialized, but the handler returned false (indicating failure)

1634033004405	geckodriver	INFO	Listening on 127.0.0.1:59380
1634033007420	mozrunner::runner	INFO	Running command: "C:\\Program Files\\Mozilla Firefox\\firefox.exe" "--marionette" "-no-remote" "-profile" "C:\\Users\\XUEYON~1\\AppData\\Local\\Temp\\rust_mozprofileBTNGRb"
1634033007931	Marionette	INFO	Marionette enabled
console.warn: SearchSettings: "get: No settings file exists, new profile?" (new NotFoundError("Could not open the file at C:\\Users\\xueyonglong\\AppData\\Local\\Temp\\rust_mozprofileBTNGRb\\search.json.mozlz4", (void 0)))
1634033009795	Marionette	INFO	Listening on port 62670
1634033010224	RemoteAgent	WARN	TLS certificate errors will be ignored for this session
JavaScript warning: https://sf1-ttcdn-tos.pstatp.com/obj/rc-web-sdk/acrawler.js, line 1: WEBGL_debug_renderer_info is deprecated in Firefox and will be removed. Please use RENDERER.
JavaScript warning: https://sf1-ttcdn-tos.pstatp.com/obj/rc-web-sdk/acrawler.js, line 1: WEBGL_debug_renderer_info is deprecated in Firefox and will be removed. Please use RENDERER.
JavaScript warning: https://sf1-scmcdn-tos.pstatp.com/goofy/sec_sdk_build/3.1.0/captcha/index.js line 23 > Function, line 3: WEBGL_debug_renderer_info is deprecated in Firefox and will be removed. Please use RENDERER.
JavaScript warning: https://sf1-ttcdn-tos.pstatp.com/obj/rc-web-sdk/acrawler.js, line 1: WEBGL_debug_renderer_info is deprecated in Firefox and will be removed. Please use RENDERER.
console.error: (new TypeError("nextProps.toolboxDoc.defaultView is null", "resource://devtools/client/shared/components/menu/MenuButton.js", 139))
console.error: (new TypeError("this.browser is undefined", "resource://devtools/client/responsive/components/App.js", 106))
JavaScript error: resource://devtools/client/shared/components/menu/MenuButton.js, line 139: TypeError: nextProps.toolboxDoc.defaultView is null
JavaScript error: resource://devtools/client/fronts/inspector.js, line 228: TypeError: grip is undefined
1634033418612	geckodriver	INFO	Listening on 127.0.0.1:49884
1634033421639	mozrunner::runner	INFO	Running command: "C:\\Program Files\\Mozilla Firefox\\firefox.exe" "--marionette" "-no-remote" "-profile" "C:\\Users\\XUEYON~1\\AppData\\Local\\Temp\\rust_mozprofileHv13aj"
1634033422139	Marionette	INFO	Marionette enabled
console.warn: SearchSettings: "get: No settings file exists, new profile?" (new NotFoundError("Could not open the file at C:\\Users\\xueyonglong\\AppData\\Local\\Temp\\rust_mozprofileHv13aj\\search.json.mozlz4", (void 0)))
1634033424222	Marionette	INFO	Listening on port 57467
1634033424451	RemoteAgent	WARN	TLS certificate errors will be ignored for this session
JavaScript warning: https://sf1-ttcdn-tos.pstatp.com/obj/rc-web-sdk/acrawler.js, line 1: WEBGL_debug_renderer_info is deprecated in Firefox and will be removed. Please use RENDERER.
JavaScript warning: https://sf1-ttcdn-tos.pstatp.com/obj/rc-web-sdk/acrawler.js, line 1: WEBGL_debug_renderer_info is deprecated in Firefox and will be removed. Please use RENDERER.
JavaScript warning: https://sf1-scmcdn-tos.pstatp.com/goofy/sec_sdk_build/3.1.0/captcha/index.js line 23 > Function, line 3: WEBGL_debug_renderer_info is deprecated in Firefox and will be removed. Please use RENDERER.
JavaScript warning: https://sf1-ttcdn-tos.pstatp.com/obj/rc-web-sdk/acrawler.js, line 1: WEBGL_debug_renderer_info is deprecated in Firefox and will be removed. Please use RENDERER.
console.log: WebExtensions: reset-default-search: starting.
console.log: WebExtensions: reset-default-search: No addons in our list are installed.
1634035042982	geckodriver	INFO	Listening on 127.0.0.1:53110
1634035046013	mozrunner::runner	INFO	Running command: "C:\\Program Files\\Mozilla Firefox\\firefox.exe" "--marionette" "-no-remote" "-profile" "C:\\Users\\XUEYON~1\\AppData\\Local\\Temp\\rust_mozprofileDEFt93"
1634035046527	Marionette	INFO	Marionette enabled
console.warn: SearchSettings: "get: No settings file exists, new profile?" (new NotFoundError("Could not open the file at C:\\Users\\xueyonglong\\AppData\\Local\\Temp\\rust_mozprofileDEFt93\\search.json.mozlz4", (void 0)))
1634035048484	Marionette	INFO	Listening on port 61486
1634035048823	RemoteAgent	WARN	TLS certificate errors will be ignored for this session
JavaScript warning: https://sf1-ttcdn-tos.pstatp.com/obj/rc-web-sdk/acrawler.js, line 1: WEBGL_debug_renderer_info is deprecated in Firefox and will be removed. Please use RENDERER.
JavaScript warning: https://sf1-ttcdn-tos.pstatp.com/obj/rc-web-sdk/acrawler.js, line 1: WEBGL_debug_renderer_info is deprecated in Firefox and will be removed. Please use RENDERER.
JavaScript warning: https://sf1-scmcdn-tos.pstatp.com/goofy/sec_sdk_build/3.1.0/captcha/index.js line 23 > Function, line 3: WEBGL_debug_renderer_info is deprecated in Firefox and will be removed. Please use RENDERER.
JavaScript warning: https://sf1-ttcdn-tos.pstatp.com/obj/rc-web-sdk/acrawler.js, line 1: WEBGL_debug_renderer_info is deprecated in Firefox and will be removed. Please use RENDERER.
JavaScript warning: https://csdnimg.cn/public/common/libs/jquery/jquery-1.9.1.min.js, line 2: Using //@ to indicate sourceMappingURL pragmas is deprecated. Use //# instead
JavaScript warning: https://pos.baidu.com/rcsm?conwid=300&conhei=250&rdid=3163270&dc=3&di=u3163270&s1=2758293270&s2=1832475969&dri=0&dis=0&dai=1&ps=0x0&enu=encoding&exps=110261,110252,110011&ant=0&aa=1&psi=111079163fe9e94e&dcb=___adblockplus_&dtm=HTML_POST&dvi=0.0&dci=-1&dpt=none&tsr=0&tpr=1634035144100&ti=switch_to_frame()%E7%9A%84%E4%BD%BF%E7%94%A8%E6%96%B9%E6%B3%95_songbo1010%E7%9A%84%E5%8D%9A%E5%AE%A2-CSDN%E5%8D%9A%E5%AE%A2_switch_to_frame&ari=2&ver=1012&dbv=0&drs=1&pcs=1903x927&pss=1903x2105&cfv=0&cpl=0&chi=1&cce=true&cec=UTF-8&tlm=1634035144&prot=2&rw=927&ltu=https%3A%2F%2Fblog.csdn.net%2Fsongbo1010%2Farticle%2Fdetails%2F104959415&ltr=https%3A%2F%2Fwww.baidu.com%2Flink%3Furl%3DKST9QDqity-mtYhB-1QehQCPtZqrj5HZ4HXU29v0FtnmkSvqOFuQ-6oqDM5qS-xEX1a_5dNF7vUwVHGIw3mvgmzqPzi5jOFu7JBdrDBiIj3%26wd%3D%26eqid%3D933a23e90000090d00000006616565c6&lcr=https%3A%2F%2Fwww.baidu.com%2Flink%3Furl%3DKST9QDqity-mtYhB-1QehQCPtZqrj5HZ4HXU29v0FtnmkSvqOFuQ-6oqDM5qS-xEX1a_5dNF7vUwVHGIw3mvgmzqPzi5jOFu7JBdrDBiIj3%26wd%3D%26eqid%3D933a23e90000090d00000006616565c6&ecd=1&uc=1920x1040&pis=-1x-1&sr=1920x1080&tcn=1634035144&qn=607b946b630d8f3e&tt=1634035144094.68.303.303, line 137: unreachable code after return statement
JavaScript warning: https://pos.baidu.com/rcsm?conwid=300&conhei=250&rdid=3163270&dc=3&di=u3163270&s1=2758293270&s2=1832475969&dri=0&dis=0&dai=1&ps=0x0&enu=encoding&exps=110261,110252,110011&ant=0&aa=1&psi=111079163fe9e94e&dcb=___adblockplus_&dtm=HTML_POST&dvi=0.0&dci=-1&dpt=none&tsr=0&tpr=1634035144100&ti=switch_to_frame()%E7%9A%84%E4%BD%BF%E7%94%A8%E6%96%B9%E6%B3%95_songbo1010%E7%9A%84%E5%8D%9A%E5%AE%A2-CSDN%E5%8D%9A%E5%AE%A2_switch_to_frame&ari=2&ver=1012&dbv=0&drs=1&pcs=1903x927&pss=1903x2105&cfv=0&cpl=0&chi=1&cce=true&cec=UTF-8&tlm=1634035144&prot=2&rw=927&ltu=https%3A%2F%2Fblog.csdn.net%2Fsongbo1010%2Farticle%2Fdetails%2F104959415&ltr=https%3A%2F%2Fwww.baidu.com%2Flink%3Furl%3DKST9QDqity-mtYhB-1QehQCPtZqrj5HZ4HXU29v0FtnmkSvqOFuQ-6oqDM5qS-xEX1a_5dNF7vUwVHGIw3mvgmzqPzi5jOFu7JBdrDBiIj3%26wd%3D%26eqid%3D933a23e90000090d00000006616565c6&lcr=https%3A%2F%2Fwww.baidu.com%2Flink%3Furl%3DKST9QDqity-mtYhB-1QehQCPtZqrj5HZ4HXU29v0FtnmkSvqOFuQ-6oqDM5qS-xEX1a_5dNF7vUwVHGIw3mvgmzqPzi5jOFu7JBdrDBiIj3%26wd%3D%26eqid%3D933a23e90000090d00000006616565c6&ecd=1&uc=1920x1040&pis=-1x-1&sr=1920x1080&tcn=1634035144&qn=607b946b630d8f3e&tt=1634035144094.68.303.303, line 137: unreachable code after return statement
1634035146175	Marionette	WARN	Ignoring event 'pageshow' because document has an invalid readyState of 'uninitialized'.
1634035146182	Marionette	WARN	Ignoring event 'pageshow' because document has an invalid readyState of 'uninitialized'.
JavaScript warning: https://aeu.alicdn.com/waf/antidomxss_v640.js, line 1: WEBGL_debug_renderer_info is deprecated in Firefox and will be removed. Please use RENDERER.
JavaScript error: resource://devtools/server/actors/network-monitor/network-event-actor.js, line 109: Error: Got a request https://csdnimg.cn/release/blogv2/dist/pc/css/detail_enter-049c37bb43.min.css without a browsingContextID set
JavaScript error: resource://devtools/server/actors/network-monitor/network-event-actor.js, line 109: Error: Got a request https://csdnimg.cn/release/blogv2/dist/pc/themesSkin/skin3-template/skin3-template-45808e735f.min.css without a browsingContextID set
JavaScript error: resource://devtools/server/actors/network-monitor/network-event-actor.js, line 109: Error: Got a request https://csdnimg.cn/public/sandalstrap/1.4/css/sandalstrap.min.css without a browsingContextID set
JavaScript error: resource://devtools/server/actors/network-monitor/network-event-actor.js, line 109: Error: Got a request https://csdnimg.cn/release/blogv2/dist/pc/css/blog_code-01256533b5.min.css without a browsingContextID set
JavaScript error: resource://devtools/server/actors/network-monitor/network-event-actor.js, line 109: Error: Got a request https://csdnimg.cn/release/blogv2/dist/mdeditor/css/editerView/chart-3456820cac.css without a browsingContextID set
JavaScript error: resource://devtools/server/actors/network-monitor/network-event-actor.js, line 109: Error: Got a request https://csdnimg.cn/release/blogv2/dist/mdeditor/css/editerView/ck_htmledit_views-1a85854398.css without a browsingContextID set
JavaScript error: resource://devtools/server/actors/network-monitor/network-event-actor.js, line 109: Error: Got a request https://csdnimg.cn/release/blog_editor_html/release1.6.12/ckeditor/plugins/chart/chart.css without a browsingContextID set
JavaScript error: resource://devtools/server/actors/network-monitor/network-event-actor.js, line 109: Error: Got a request https://csdnimg.cn/release/blog_editor_html/release1.6.12/ckeditor/plugins/codesnippet/lib/highlight/styles/atom-one-light.css without a browsingContextID set
Handler function threw an exception: TypeError: topFrame.browsingContext is null
Stack: matchRequest@resource://devtools/server/actors/network-monitor/network-observer.js:126:9
_onRequestHeader@resource://devtools/server/actors/network-monitor/network-observer.js:819:10
NetworkObserver.prototype.observeActivity<@resource://devtools/server/actors/network-monitor/network-observer.js:704:12
exports.makeInfallible/<@resource://devtools/shared/ThreadSafeDevToolsUtils.js:103:22
Line: 126, column: 9
console.error: (new TypeError("topFrame.browsingContext is null", "resource://devtools/server/actors/network-monitor/network-observer.js", 126))
Handler function threw an exception: TypeError: topFrame.browsingContext is null
Stack: matchRequest@resource://devtools/server/actors/network-monitor/network-observer.js:126:9
_onRequestHeader@resource://devtools/server/actors/network-monitor/network-observer.js:819:10
NetworkObserver.prototype.observeActivity<@resource://devtools/server/actors/network-monitor/network-observer.js:704:12
exports.makeInfallible/<@resource://devtools/shared/ThreadSafeDevToolsUtils.js:103:22
Line: 126, column: 9
console.error: (new TypeError("topFrame.browsingContext is null", "resource://devtools/server/actors/network-monitor/network-observer.js", 126))
Handler function threw an exception: TypeError: topFrame.browsingContext is null
Stack: matchRequest@resource://devtools/server/actors/network-monitor/network-observer.js:126:9
_onRequestHeader@resource://devtools/server/actors/network-monitor/network-observer.js:819:10
NetworkObserver.prototype.observeActivity<@resource://devtools/server/actors/network-monitor/network-observer.js:704:12
exports.makeInfallible/<@resource://devtools/shared/ThreadSafeDevToolsUtils.js:103:22
Line: 126, column: 9
console.error: (new TypeError("topFrame.browsingContext is null", "resource://devtools/server/actors/network-monitor/network-observer.js", 126))
JavaScript warning: https://csdnimg.cn/public/common/libs/jquery/jquery-1.9.1.min.js, line 2: Using //@ to indicate sourceMappingURL pragmas is deprecated. Use //# instead
JavaScript warning: https://pos.baidu.com/hctm?conwid=300&conhei=250&rdid=3163270&dc=3&di=u3163270&s1=2879402048&s2=3451444573&dri=0&dis=0&dai=1&ps=0x0&enu=encoding&exps=110261,110252,110011&ant=0&aa=1&psi=e2799d04cefce25d&dcb=___adblockplus_&dtm=HTML_POST&dvi=0.0&dci=-1&dpt=none&tsr=0&tpr=1634035306811&ti=switch_to_frame()%E7%9A%84%E4%BD%BF%E7%94%A8%E6%96%B9%E6%B3%95_songbo1010%E7%9A%84%E5%8D%9A%E5%AE%A2-CSDN%E5%8D%9A%E5%AE%A2_switch_to_frame&ari=2&ver=1012&dbv=0&drs=1&pcs=1903x677&pss=1903x2105&cfv=0&cpl=0&chi=2&cce=true&cec=UTF-8&tlm=1634035306&prot=2&rw=677&ltu=https%3A%2F%2Fblog.csdn.net%2Fsongbo1010%2Farticle%2Fdetails%2F104959415&ecd=1&uc=1920x1040&pis=-1x-1&sr=1920x1080&tcn=1634035307&qn=607b946b630d8f3e&tt=1634035306807.117.117.118, line 137: unreachable code after return statement
JavaScript warning: https://pos.baidu.com/hctm?conwid=300&conhei=250&rdid=3163270&dc=3&di=u3163270&s1=2879402048&s2=3451444573&dri=0&dis=0&dai=1&ps=0x0&enu=encoding&exps=110261,110252,110011&ant=0&aa=1&psi=e2799d04cefce25d&dcb=___adblockplus_&dtm=HTML_POST&dvi=0.0&dci=-1&dpt=none&tsr=0&tpr=1634035306811&ti=switch_to_frame()%E7%9A%84%E4%BD%BF%E7%94%A8%E6%96%B9%E6%B3%95_songbo1010%E7%9A%84%E5%8D%9A%E5%AE%A2-CSDN%E5%8D%9A%E5%AE%A2_switch_to_frame&ari=2&ver=1012&dbv=0&drs=1&pcs=1903x677&pss=1903x2105&cfv=0&cpl=0&chi=2&cce=true&cec=UTF-8&tlm=1634035306&prot=2&rw=677&ltu=https%3A%2F%2Fblog.csdn.net%2Fsongbo1010%2Farticle%2Fdetails%2F104959415&ecd=1&uc=1920x1040&pis=-1x-1&sr=1920x1080&tcn=1634035307&qn=607b946b630d8f3e&tt=1634035306807.117.117.118, line 137: unreachable code after return statement
JavaScript warning: https://pagead2.googlesyndication.com/bg/m_71LU70zG8G78x6hYSYf2B3ELc7BGRgbsZokPhgXAY.js line 1 > eval line 7167 > eval line 1 > eval, line 1: WEBGL_debug_renderer_info is deprecated in Firefox and will be removed. Please use RENDERER.
1634035359301	geckodriver	INFO	Listening on 127.0.0.1:49952
1634035362312	mozrunner::runner	INFO	Running command: "C:\\Program Files\\Mozilla Firefox\\firefox.exe" "--marionette" "-no-remote" "-profile" "C:\\Users\\XUEYON~1\\AppData\\Local\\Temp\\rust_mozprofilehAzl2T"
1634035362977	Marionette	INFO	Marionette enabled
console.warn: SearchSettings: "get: No settings file exists, new profile?" (new NotFoundError("Could not open the file at C:\\Users\\xueyonglong\\AppData\\Local\\Temp\\rust_mozprofilehAzl2T\\search.json.mozlz4", (void 0)))
1634035365164	Marionette	INFO	Listening on port 59257
1634035365266	RemoteAgent	WARN	TLS certificate errors will be ignored for this session
JavaScript warning: https://sf1-ttcdn-tos.pstatp.com/obj/rc-web-sdk/acrawler.js, line 1: WEBGL_debug_renderer_info is deprecated in Firefox and will be removed. Please use RENDERER.
JavaScript warning: https://sf1-ttcdn-tos.pstatp.com/obj/rc-web-sdk/acrawler.js, line 1: WEBGL_debug_renderer_info is deprecated in Firefox and will be removed. Please use RENDERER.
JavaScript warning: https://sf1-scmcdn-tos.pstatp.com/goofy/sec_sdk_build/3.1.0/captcha/index.js line 23 > Function, line 3: WEBGL_debug_renderer_info is deprecated in Firefox and will be removed. Please use RENDERER.
JavaScript warning: https://sf1-ttcdn-tos.pstatp.com/obj/rc-web-sdk/acrawler.js, line 1: WEBGL_debug_renderer_info is deprecated in Firefox and will be removed. Please use RENDERER.
1634035455808	geckodriver	INFO	Listening on 127.0.0.1:62728
1634035458804	mozrunner::runner	INFO	Running command: "C:\\Program Files\\Mozilla Firefox\\firefox.exe" "--marionette" "-no-remote" "-profile" "C:\\Users\\XUEYON~1\\AppData\\Local\\Temp\\rust_mozprofile7VGxDG"
1634035459317	Marionette	INFO	Marionette enabled
console.warn: SearchSettings: "get: No settings file exists, new profile?" (new NotFoundError("Could not open the file at C:\\Users\\xueyonglong\\AppData\\Local\\Temp\\rust_mozprofile7VGxDG\\search.json.mozlz4", (void 0)))
1634035461540	Marionette	INFO	Listening on port 52991
1634035461612	RemoteAgent	WARN	TLS certificate errors will be ignored for this session
JavaScript warning: https://sf1-ttcdn-tos.pstatp.com/obj/rc-web-sdk/acrawler.js, line 1: WEBGL_debug_renderer_info is deprecated in Firefox and will be removed. Please use RENDERER.
JavaScript warning: https://sf1-ttcdn-tos.pstatp.com/obj/rc-web-sdk/acrawler.js, line 1: WEBGL_debug_renderer_info is deprecated in Firefox and will be removed. Please use RENDERER.
JavaScript warning: https://sf1-scmcdn-tos.pstatp.com/goofy/sec_sdk_build/3.1.0/captcha/index.js line 23 > Function, line 3: WEBGL_debug_renderer_info is deprecated in Firefox and will be removed. Please use RENDERER.
JavaScript warning: https://sf1-ttcdn-tos.pstatp.com/obj/rc-web-sdk/acrawler.js, line 1: WEBGL_debug_renderer_info is deprecated in Firefox and will be removed. Please use RENDERER.
1634035923902	geckodriver	INFO	Listening on 127.0.0.1:59027
1634035926914	mozrunner::runner	INFO	Running command: "C:\\Program Files\\Mozilla Firefox\\firefox.exe" "--marionette" "-no-remote" "-profile" "C:\\Users\\XUEYON~1\\AppData\\Local\\Temp\\rust_mozprofile7BHkZV"
1634035927695	Marionette	INFO	Marionette enabled
console.warn: SearchSettings: "get: No settings file exists, new profile?" (new NotFoundError("Could not open the file at C:\\Users\\xueyonglong\\AppData\\Local\\Temp\\rust_mozprofile7BHkZV\\search.json.mozlz4", (void 0)))
1634035929687	Marionette	INFO	Listening on port 64985
1634035929727	RemoteAgent	WARN	TLS certificate errors will be ignored for this session
JavaScript warning: https://sf1-ttcdn-tos.pstatp.com/obj/rc-web-sdk/acrawler.js, line 1: WEBGL_debug_renderer_info is deprecated in Firefox and will be removed. Please use RENDERER.
JavaScript warning: https://sf1-ttcdn-tos.pstatp.com/obj/rc-web-sdk/acrawler.js, line 1: WEBGL_debug_renderer_info is deprecated in Firefox and will be removed. Please use RENDERER.
JavaScript warning: https://sf1-scmcdn-tos.pstatp.com/goofy/sec_sdk_build/3.1.0/captcha/index.js line 23 > Function, line 3: WEBGL_debug_renderer_info is deprecated in Firefox and will be removed. Please use RENDERER.
JavaScript warning: https://sf1-ttcdn-tos.pstatp.com/obj/rc-web-sdk/acrawler.js, line 1: WEBGL_debug_renderer_info is deprecated in Firefox and will be removed. Please use RENDERER.
1634036105143	geckodriver	INFO	Listening on 127.0.0.1:63202
1634036108168	mozrunner::runner	INFO	Running command: "C:\\Program Files\\Mozilla Firefox\\firefox.exe" "--marionette" "-no-remote" "-profile" "C:\\Users\\XUEYON~1\\AppData\\Local\\Temp\\rust_mozprofile5BcSx7"
1634036108691	Marionette	INFO	Marionette enabled
console.warn: SearchSettings: "get: No settings file exists, new profile?" (new NotFoundError("Could not open the file at C:\\Users\\xueyonglong\\AppData\\Local\\Temp\\rust_mozprofile5BcSx7\\search.json.mozlz4", (void 0)))
1634036110729	Marionette	INFO	Listening on port 59560
1634036111005	RemoteAgent	WARN	TLS certificate errors will be ignored for this session
JavaScript warning: https://sf1-ttcdn-tos.pstatp.com/obj/rc-web-sdk/acrawler.js, line 1: WEBGL_debug_renderer_info is deprecated in Firefox and will be removed. Please use RENDERER.
JavaScript warning: https://sf1-ttcdn-tos.pstatp.com/obj/rc-web-sdk/acrawler.js, line 1: WEBGL_debug_renderer_info is deprecated in Firefox and will be removed. Please use RENDERER.
JavaScript warning: https://sf1-scmcdn-tos.pstatp.com/goofy/sec_sdk_build/3.1.0/captcha/index.js line 23 > Function, line 3: WEBGL_debug_renderer_info is deprecated in Firefox and will be removed. Please use RENDERER.
JavaScript warning: https://sf1-ttcdn-tos.pstatp.com/obj/rc-web-sdk/acrawler.js, line 1: WEBGL_debug_renderer_info is deprecated in Firefox and will be removed. Please use RENDERER.
1634036210338	geckodriver	INFO	Listening on 127.0.0.1:60057
1634036213363	mozrunner::runner	INFO	Running command: "C:\\Program Files\\Mozilla Firefox\\firefox.exe" "--marionette" "-no-remote" "-profile" "C:\\Users\\XUEYON~1\\AppData\\Local\\Temp\\rust_mozprofilem399s1"
1634036213935	Marionette	INFO	Marionette enabled
console.warn: SearchSettings: "get: No settings file exists, new profile?" (new NotFoundError("Could not open the file at C:\\Users\\xueyonglong\\AppData\\Local\\Temp\\rust_mozprofilem399s1\\search.json.mozlz4", (void 0)))
1634036216324	Marionette	INFO	Listening on port 63777
1634036216734	RemoteAgent	WARN	TLS certificate errors will be ignored for this session
JavaScript warning: https://sf1-ttcdn-tos.pstatp.com/obj/rc-web-sdk/acrawler.js, line 1: WEBGL_debug_renderer_info is deprecated in Firefox and will be removed. Please use RENDERER.
JavaScript warning: https://sf1-ttcdn-tos.pstatp.com/obj/rc-web-sdk/acrawler.js, line 1: WEBGL_debug_renderer_info is deprecated in Firefox and will be removed. Please use RENDERER.
JavaScript warning: https://sf1-scmcdn-tos.pstatp.com/goofy/sec_sdk_build/3.1.0/captcha/index.js line 23 > Function, line 3: WEBGL_debug_renderer_info is deprecated in Firefox and will be removed. Please use RENDERER.
JavaScript warning: https://sf1-ttcdn-tos.pstatp.com/obj/rc-web-sdk/acrawler.js, line 1: WEBGL_debug_renderer_info is deprecated in Firefox and will be removed. Please use RENDERER.
1634036274082	geckodriver	INFO	Listening on 127.0.0.1:54347
1634036277095	mozrunner::runner	INFO	Running command: "C:\\Program Files\\Mozilla Firefox\\firefox.exe" "--marionette" "-no-remote" "-profile" "C:\\Users\\XUEYON~1\\AppData\\Local\\Temp\\rust_mozprofilegUS7ke"
1634036277708	Marionette	INFO	Marionette enabled
console.warn: SearchSettings: "get: No settings file exists, new profile?" (new NotFoundError("Could not open the file at C:\\Users\\xueyonglong\\AppData\\Local\\Temp\\rust_mozprofilegUS7ke\\search.json.mozlz4", (void 0)))
1634036279930	Marionette	INFO	Listening on port 59974
1634036280406	RemoteAgent	WARN	TLS certificate errors will be ignored for this session
JavaScript warning: https://sf1-ttcdn-tos.pstatp.com/obj/rc-web-sdk/acrawler.js, line 1: WEBGL_debug_renderer_info is deprecated in Firefox and will be removed. Please use RENDERER.
JavaScript warning: https://sf1-ttcdn-tos.pstatp.com/obj/rc-web-sdk/acrawler.js, line 1: WEBGL_debug_renderer_info is deprecated in Firefox and will be removed. Please use RENDERER.
JavaScript warning: https://sf1-scmcdn-tos.pstatp.com/goofy/sec_sdk_build/3.1.0/captcha/index.js line 23 > Function, line 3: WEBGL_debug_renderer_info is deprecated in Firefox and will be removed. Please use RENDERER.
JavaScript warning: https://sf1-ttcdn-tos.pstatp.com/obj/rc-web-sdk/acrawler.js, line 1: WEBGL_debug_renderer_info is deprecated in Firefox and will be removed. Please use RENDERER.
1634036350692	geckodriver	INFO	Listening on 127.0.0.1:54066
1634036353707	mozrunner::runner	INFO	Running command: "C:\\Program Files\\Mozilla Firefox\\firefox.exe" "--marionette" "-no-remote" "-profile" "C:\\Users\\XUEYON~1\\AppData\\Local\\Temp\\rust_mozprofilebQme2R"
1634036354202	Marionette	INFO	Marionette enabled
console.warn: SearchSettings: "get: No settings file exists, new profile?" (new NotFoundError("Could not open the file at C:\\Users\\xueyonglong\\AppData\\Local\\Temp\\rust_mozprofilebQme2R\\search.json.mozlz4", (void 0)))
1634036356153	Marionette	INFO	Listening on port 53668
1634036356524	RemoteAgent	WARN	TLS certificate errors will be ignored for this session
JavaScript warning: https://sf1-ttcdn-tos.pstatp.com/obj/rc-web-sdk/acrawler.js, line 1: WEBGL_debug_renderer_info is deprecated in Firefox and will be removed. Please use RENDERER.
JavaScript warning: https://sf1-ttcdn-tos.pstatp.com/obj/rc-web-sdk/acrawler.js, line 1: WEBGL_debug_renderer_info is deprecated in Firefox and will be removed. Please use RENDERER.
JavaScript warning: https://sf1-scmcdn-tos.pstatp.com/goofy/sec_sdk_build/3.1.0/captcha/index.js line 23 > Function, line 3: WEBGL_debug_renderer_info is deprecated in Firefox and will be removed. Please use RENDERER.
JavaScript warning: https://sf1-ttcdn-tos.pstatp.com/obj/rc-web-sdk/acrawler.js, line 1: WEBGL_debug_renderer_info is deprecated in Firefox and will be removed. Please use RENDERER.
1634036477832	geckodriver	INFO	Listening on 127.0.0.1:58684
1634036480855	mozrunner::runner	INFO	Running command: "C:\\Program Files\\Mozilla Firefox\\firefox.exe" "--marionette" "-no-remote" "-profile" "C:\\Users\\XUEYON~1\\AppData\\Local\\Temp\\rust_mozprofilesKtnt8"
1634036481352	Marionette	INFO	Marionette enabled
console.warn: SearchSettings: "get: No settings file exists, new profile?" (new NotFoundError("Could not open the file at C:\\Users\\xueyonglong\\AppData\\Local\\Temp\\rust_mozprofilesKtnt8\\search.json.mozlz4", (void 0)))
1634036483243	Marionette	INFO	Listening on port 49508
1634036483666	RemoteAgent	WARN	TLS certificate errors will be ignored for this session
JavaScript warning: https://sf1-ttcdn-tos.pstatp.com/obj/rc-web-sdk/acrawler.js, line 1: WEBGL_debug_renderer_info is deprecated in Firefox and will be removed. Please use RENDERER.
JavaScript warning: https://sf1-ttcdn-tos.pstatp.com/obj/rc-web-sdk/acrawler.js, line 1: WEBGL_debug_renderer_info is deprecated in Firefox and will be removed. Please use RENDERER.
JavaScript warning: https://sf1-scmcdn-tos.pstatp.com/goofy/sec_sdk_build/3.1.0/captcha/index.js line 23 > Function, line 3: WEBGL_debug_renderer_info is deprecated in Firefox and will be removed. Please use RENDERER.
JavaScript warning: https://sf1-ttcdn-tos.pstatp.com/obj/rc-web-sdk/acrawler.js, line 1: WEBGL_debug_renderer_info is deprecated in Firefox and will be removed. Please use RENDERER.
1634036614882	geckodriver	INFO	Listening on 127.0.0.1:61073
1634036617907	mozrunner::runner	INFO	Running command: "C:\\Program Files\\Mozilla Firefox\\firefox.exe" "--marionette" "-no-remote" "-profile" "C:\\Users\\XUEYON~1\\AppData\\Local\\Temp\\rust_mozprofilevHmUsI"
1634036618428	Marionette	INFO	Marionette enabled
console.warn: SearchSettings: "get: No settings file exists, new profile?" (new NotFoundError("Could not open the file at C:\\Users\\xueyonglong\\AppData\\Local\\Temp\\rust_mozprofilevHmUsI\\search.json.mozlz4", (void 0)))
1634036620342	Marionette	INFO	Listening on port 51061
1634036620735	RemoteAgent	WARN	TLS certificate errors will be ignored for this session
1634036648502	geckodriver	INFO	Listening on 127.0.0.1:64086
1634036651526	mozrunner::runner	INFO	Running command: "C:\\Program Files\\Mozilla Firefox\\firefox.exe" "--marionette" "-no-remote" "-profile" "C:\\Users\\XUEYON~1\\AppData\\Local\\Temp\\rust_mozprofile9Wxy6d"
1634036652037	Marionette	INFO	Marionette enabled
console.warn: SearchSettings: "get: No settings file exists, new profile?" (new NotFoundError("Could not open the file at C:\\Users\\xueyonglong\\AppData\\Local\\Temp\\rust_mozprofile9Wxy6d\\search.json.mozlz4", (void 0)))
1634036654279	Marionette	INFO	Listening on port 65335
1634036654356	RemoteAgent	WARN	TLS certificate errors will be ignored for this session
JavaScript warning: https://sf1-ttcdn-tos.pstatp.com/obj/rc-web-sdk/acrawler.js, line 1: WEBGL_debug_renderer_info is deprecated in Firefox and will be removed. Please use RENDERER.
JavaScript warning: https://sf1-ttcdn-tos.pstatp.com/obj/rc-web-sdk/acrawler.js, line 1: WEBGL_debug_renderer_info is deprecated in Firefox and will be removed. Please use RENDERER.
JavaScript warning: https://sf1-scmcdn-tos.pstatp.com/goofy/sec_sdk_build/3.1.0/captcha/index.js line 23 > Function, line 3: WEBGL_debug_renderer_info is deprecated in Firefox and will be removed. Please use RENDERER.
JavaScript warning: https://sf1-ttcdn-tos.pstatp.com/obj/rc-web-sdk/acrawler.js, line 1: WEBGL_debug_renderer_info is deprecated in Firefox and will be removed. Please use RENDERER.
1634036765640	geckodriver	INFO	Listening on 127.0.0.1:63451
1634036768654	mozrunner::runner	INFO	Running command: "C:\\Program Files\\Mozilla Firefox\\firefox.exe" "--marionette" "-no-remote" "-profile" "C:\\Users\\XUEYON~1\\AppData\\Local\\Temp\\rust_mozprofileMHxbAJ"
1634036769200	Marionette	INFO	Marionette enabled
console.warn: SearchSettings: "get: No settings file exists, new profile?" (new NotFoundError("Could not open the file at C:\\Users\\xueyonglong\\AppData\\Local\\Temp\\rust_mozprofileMHxbAJ\\search.json.mozlz4", (void 0)))
1634036771120	Marionette	INFO	Listening on port 52784
1634036771480	RemoteAgent	WARN	TLS certificate errors will be ignored for this session
JavaScript warning: https://sf1-ttcdn-tos.pstatp.com/obj/rc-web-sdk/acrawler.js, line 1: WEBGL_debug_renderer_info is deprecated in Firefox and will be removed. Please use RENDERER.
JavaScript warning: https://sf1-ttcdn-tos.pstatp.com/obj/rc-web-sdk/acrawler.js, line 1: WEBGL_debug_renderer_info is deprecated in Firefox and will be removed. Please use RENDERER.
JavaScript warning: https://sf1-scmcdn-tos.pstatp.com/goofy/sec_sdk_build/3.1.0/captcha/index.js line 23 > Function, line 3: WEBGL_debug_renderer_info is deprecated in Firefox and will be removed. Please use RENDERER.
JavaScript warning: https://sf1-ttcdn-tos.pstatp.com/obj/rc-web-sdk/acrawler.js, line 1: WEBGL_debug_renderer_info is deprecated in Firefox and will be removed. Please use RENDERER.
JavaScript warning: https://sf1-ttcdn-tos.pstatp.com/obj/rc-web-sdk/acrawler.js, line 1: WEBGL_debug_renderer_info is deprecated in Firefox and will be removed. Please use RENDERER.
JavaScript warning: https://dlswbr.baidu.com/heicha/mw/abclite-2063-s.js, line 1: WEBGL_debug_renderer_info is deprecated in Firefox and will be removed. Please use RENDERER.
JavaScript warning: https://sf1-ttcdn-tos.pstatp.com/obj/rc-web-sdk/acrawler.js, line 1: WEBGL_debug_renderer_info is deprecated in Firefox and will be removed. Please use RENDERER.
JavaScript warning: https://dlswbr.baidu.com/heicha/mw/abclite-2063-s.js, line 1: WEBGL_debug_renderer_info is deprecated in Firefox and will be removed. Please use RENDERER.
JavaScript warning: https://lf-cdn-tos.bytescm.com/obj/static/ad/business_manage/index.e0748623.js line 1 > eval line 6 > Function, line 3: WEBGL_debug_renderer_info is deprecated in Firefox and will be removed. Please use RENDERER.
console.log: WebExtensions: reset-default-search: starting.
console.log: WebExtensions: reset-default-search: No addons in our list are installed.
1634037899842	geckodriver	INFO	Listening on 127.0.0.1:56994
1634037902876	mozrunner::runner	INFO	Running command: "C:\\Program Files\\Mozilla Firefox\\firefox.exe" "--marionette" "-no-remote" "-profile" "C:\\Users\\XUEYON~1\\AppData\\Local\\Temp\\rust_mozprofileGKmo8p"
1634037919757	geckodriver	INFO	Listening on 127.0.0.1:60504
1634037922779	mozrunner::runner	INFO	Running command: "C:\\Program Files\\Mozilla Firefox\\firefox.exe" "--marionette" "-no-remote" "-profile" "C:\\Users\\XUEYON~1\\AppData\\Local\\Temp\\rust_mozprofileGsTgMi"
1634037923101	Marionette	INFO	Marionette enabled
console.warn: SearchSettings: "get: No settings file exists, new profile?" (new NotFoundError("Could not open the file at C:\\Users\\xueyonglong\\AppData\\Local\\Temp\\rust_mozprofileGsTgMi\\search.json.mozlz4", (void 0)))
1634037924910	Marionette	INFO	Listening on port 56006
1634037925010	RemoteAgent	WARN	TLS certificate errors will be ignored for this session
JavaScript warning: https://sf1-ttcdn-tos.pstatp.com/obj/rc-web-sdk/acrawler.js, line 1: WEBGL_debug_renderer_info is deprecated in Firefox and will be removed. Please use RENDERER.
JavaScript warning: https://sf1-ttcdn-tos.pstatp.com/obj/rc-web-sdk/acrawler.js, line 1: WEBGL_debug_renderer_info is deprecated in Firefox and will be removed. Please use RENDERER.
JavaScript warning: https://sf1-scmcdn-tos.pstatp.com/goofy/sec_sdk_build/3.1.0/captcha/index.js line 23 > Function, line 3: WEBGL_debug_renderer_info is deprecated in Firefox and will be removed. Please use RENDERER.
JavaScript warning: https://sf1-ttcdn-tos.pstatp.com/obj/rc-web-sdk/acrawler.js, line 1: WEBGL_debug_renderer_info is deprecated in Firefox and will be removed. Please use RENDERER.
1634038081704	geckodriver	INFO	Listening on 127.0.0.1:63426
1634038084712	mozrunner::runner	INFO	Running command: "C:\\Program Files\\Mozilla Firefox\\firefox.exe" "--marionette" "-no-remote" "-profile" "C:\\Users\\XUEYON~1\\AppData\\Local\\Temp\\rust_mozprofilepCh3J9"
1634038085247	Marionette	INFO	Marionette enabled
console.warn: SearchSettings: "get: No settings file exists, new profile?" (new NotFoundError("Could not open the file at C:\\Users\\xueyonglong\\AppData\\Local\\Temp\\rust_mozprofilepCh3J9\\search.json.mozlz4", (void 0)))
1634038087226	Marionette	INFO	Listening on port 64366
1634038087527	RemoteAgent	WARN	TLS certificate errors will be ignored for this session
JavaScript warning: https://sf1-ttcdn-tos.pstatp.com/obj/rc-web-sdk/acrawler.js, line 1: WEBGL_debug_renderer_info is deprecated in Firefox and will be removed. Please use RENDERER.
JavaScript warning: https://sf1-ttcdn-tos.pstatp.com/obj/rc-web-sdk/acrawler.js, line 1: WEBGL_debug_renderer_info is deprecated in Firefox and will be removed. Please use RENDERER.
JavaScript warning: https://sf1-scmcdn-tos.pstatp.com/goofy/sec_sdk_build/3.1.0/captcha/index.js line 23 > Function, line 3: WEBGL_debug_renderer_info is deprecated in Firefox and will be removed. Please use RENDERER.
JavaScript warning: https://sf1-ttcdn-tos.pstatp.com/obj/rc-web-sdk/acrawler.js, line 1: WEBGL_debug_renderer_info is deprecated in Firefox and will be removed. Please use RENDERER.
1634038259083	geckodriver	INFO	Listening on 127.0.0.1:59915
1634038262098	mozrunner::runner	INFO	Running command: "C:\\Program Files\\Mozilla Firefox\\firefox.exe" "--marionette" "-no-remote" "-profile" "C:\\Users\\XUEYON~1\\AppData\\Local\\Temp\\rust_mozprofileh7olm8"
1634038262702	Marionette	INFO	Marionette enabled
console.warn: SearchSettings: "get: No settings file exists, new profile?" (new NotFoundError("Could not open the file at C:\\Users\\xueyonglong\\AppData\\Local\\Temp\\rust_mozprofileh7olm8\\search.json.mozlz4", (void 0)))
1634038264576	Marionette	INFO	Listening on port 60327
1634038264958	RemoteAgent	WARN	TLS certificate errors will be ignored for this session
JavaScript warning: https://sf1-ttcdn-tos.pstatp.com/obj/rc-web-sdk/acrawler.js, line 1: WEBGL_debug_renderer_info is deprecated in Firefox and will be removed. Please use RENDERER.
JavaScript warning: https://sf1-ttcdn-tos.pstatp.com/obj/rc-web-sdk/acrawler.js, line 1: WEBGL_debug_renderer_info is deprecated in Firefox and will be removed. Please use RENDERER.
JavaScript warning: https://sf1-scmcdn-tos.pstatp.com/goofy/sec_sdk_build/3.1.0/captcha/index.js line 23 > Function, line 3: WEBGL_debug_renderer_info is deprecated in Firefox and will be removed. Please use RENDERER.
JavaScript warning: https://sf1-ttcdn-tos.pstatp.com/obj/rc-web-sdk/acrawler.js, line 1: WEBGL_debug_renderer_info is deprecated in Firefox and will be removed. Please use RENDERER.
1634038339590	Marionette	WARN	TimedPromise timed out after 500 ms: stacktrace:
TimedPromise/<@chrome://remote/content/marionette/sync.js:238:19
TimedPromise@chrome://remote/content/marionette/sync.js:223:10
interaction.flushEventLoop@chrome://remote/content/marionette/interaction.js:431:10
webdriverClickElement@chrome://remote/content/marionette/interaction.js:179:31
